{"C:\\code\\taxi-driver-knowledge-test\\src\\components\\App\\index.js": {"path":"C:\\code\\taxi-driver-knowledge-test\\src\\components\\App\\index.js","statementMap":{"0":{"start":{"line":9,"column":8},"end":{"line":14,"column":9}}},"fnMap":{"0":{"name":"(anonymous_0)","decl":{"start":{"line":8,"column":4},"end":{"line":8,"column":5}},"loc":{"start":{"line":8,"column":13},"end":{"line":15,"column":5}},"line":8}},"branchMap":{},"s":{"0":1},"f":{"0":1},"b":{},"_coverageSchema":"332fd63041d2c1bcb487cc26dd0d5f7d97098a6c","hash":"f871e4cbec8a57ab6c8fc4c3abd377b7ff6e4e88"}
,"C:\\code\\taxi-driver-knowledge-test\\src\\components\\Pages\\1-TypeOfTest\\index.js": {"path":"C:\\code\\taxi-driver-knowledge-test\\src\\components\\Pages\\1-TypeOfTest\\index.js","statementMap":{"0":{"start":{"line":7,"column":26},"end":{"line":54,"column":1}},"1":{"start":{"line":8,"column":30},"end":{"line":8,"column":35}},"2":{"start":{"line":10,"column":18},"end":{"line":13,"column":2}},"3":{"start":{"line":11,"column":2},"end":{"line":11,"column":24}},"4":{"start":{"line":12,"column":2},"end":{"line":12,"column":31}},"5":{"start":{"line":15,"column":1},"end":{"line":53,"column":2}},"6":{"start":{"line":56,"column":0},"end":{"line":59,"column":1}}},"fnMap":{"0":{"name":"(anonymous_0)","decl":{"start":{"line":7,"column":26},"end":{"line":7,"column":27}},"loc":{"start":{"line":7,"column":35},"end":{"line":54,"column":1}},"line":7},"1":{"name":"(anonymous_1)","decl":{"start":{"line":10,"column":18},"end":{"line":10,"column":19}},"loc":{"start":{"line":10,"column":29},"end":{"line":13,"column":2}},"line":10}},"branchMap":{},"s":{"0":2,"1":2,"2":2,"3":1,"4":1,"5":2,"6":2},"f":{"0":2,"1":1},"b":{},"_coverageSchema":"332fd63041d2c1bcb487cc26dd0d5f7d97098a6c","hash":"6991c29f728d8d6634a78c077b4c19cc9faa2df9"}
,"C:\\code\\taxi-driver-knowledge-test\\src\\components\\Provider\\index.js": {"path":"C:\\code\\taxi-driver-knowledge-test\\src\\components\\Provider\\index.js","statementMap":{"0":{"start":{"line":8,"column":2},"end":{"line":8,"column":14}},"1":{"start":{"line":9,"column":2},"end":{"line":21,"column":3}},"2":{"start":{"line":25,"column":22},"end":{"line":25,"column":51}},"3":{"start":{"line":26,"column":2},"end":{"line":26,"column":59}},"4":{"start":{"line":27,"column":2},"end":{"line":27,"column":50}},"5":{"start":{"line":29,"column":2},"end":{"line":29,"column":28}},"6":{"start":{"line":33,"column":22},"end":{"line":33,"column":51}},"7":{"start":{"line":34,"column":2},"end":{"line":34,"column":44}},"8":{"start":{"line":35,"column":2},"end":{"line":35,"column":39}},"9":{"start":{"line":37,"column":2},"end":{"line":37,"column":28}},"10":{"start":{"line":41,"column":22},"end":{"line":41,"column":51}},"11":{"start":{"line":42,"column":2},"end":{"line":42,"column":61}},"12":{"start":{"line":43,"column":2},"end":{"line":43,"column":50}},"13":{"start":{"line":45,"column":2},"end":{"line":45,"column":28}},"14":{"start":{"line":49,"column":22},"end":{"line":49,"column":51}},"15":{"start":{"line":50,"column":2},"end":{"line":50,"column":59}},"16":{"start":{"line":51,"column":2},"end":{"line":51,"column":50}},"17":{"start":{"line":53,"column":2},"end":{"line":53,"column":47}},"18":{"start":{"line":54,"column":2},"end":{"line":54,"column":104}},"19":{"start":{"line":56,"column":2},"end":{"line":58,"column":3}},"20":{"start":{"line":57,"column":3},"end":{"line":57,"column":78}},"21":{"start":{"line":60,"column":2},"end":{"line":60,"column":28}},"22":{"start":{"line":64,"column":22},"end":{"line":64,"column":51}},"23":{"start":{"line":65,"column":2},"end":{"line":65,"column":46}},"24":{"start":{"line":67,"column":2},"end":{"line":67,"column":28}},"25":{"start":{"line":71,"column":2},"end":{"line":71,"column":88}},"26":{"start":{"line":75,"column":0},"end":{"line":80,"column":1}}},"fnMap":{"0":{"name":"(anonymous_0)","decl":{"start":{"line":7,"column":1},"end":{"line":7,"column":2}},"loc":{"start":{"line":7,"column":19},"end":{"line":22,"column":2}},"line":7},"1":{"name":"(anonymous_1)","decl":{"start":{"line":24,"column":12},"end":{"line":24,"column":13}},"loc":{"start":{"line":24,"column":32},"end":{"line":30,"column":2}},"line":24},"2":{"name":"(anonymous_2)","decl":{"start":{"line":32,"column":19},"end":{"line":32,"column":20}},"loc":{"start":{"line":32,"column":50},"end":{"line":38,"column":2}},"line":32},"3":{"name":"(anonymous_3)","decl":{"start":{"line":40,"column":20},"end":{"line":40,"column":21}},"loc":{"start":{"line":40,"column":40},"end":{"line":46,"column":2}},"line":40},"4":{"name":"(anonymous_4)","decl":{"start":{"line":48,"column":23},"end":{"line":48,"column":24}},"loc":{"start":{"line":48,"column":60},"end":{"line":61,"column":2}},"line":48},"5":{"name":"(anonymous_5)","decl":{"start":{"line":63,"column":20},"end":{"line":63,"column":21}},"loc":{"start":{"line":63,"column":26},"end":{"line":68,"column":2}},"line":63},"6":{"name":"(anonymous_6)","decl":{"start":{"line":70,"column":1},"end":{"line":70,"column":2}},"loc":{"start":{"line":70,"column":9},"end":{"line":72,"column":2}},"line":70}},"branchMap":{"0":{"loc":{"start":{"line":15,"column":21},"end":{"line":15,"column":162}},"type":"cond-expr","locations":[{"start":{"line":15,"column":75},"end":{"line":15,"column":154}},{"start":{"line":15,"column":157},"end":{"line":15,"column":162}}],"line":15},"1":{"loc":{"start":{"line":15,"column":75},"end":{"line":15,"column":154}},"type":"cond-expr","locations":[{"start":{"line":15,"column":142},"end":{"line":15,"column":146}},{"start":{"line":15,"column":149},"end":{"line":15,"column":154}}],"line":15},"2":{"loc":{"start":{"line":56,"column":15},"end":{"line":56,"column":154}},"type":"binary-expr","locations":[{"start":{"line":56,"column":15},"end":{"line":56,"column":90}},{"start":{"line":56,"column":94},"end":{"line":56,"column":154}}],"line":56}},"s":{"0":1,"1":1,"2":0,"3":0,"4":0,"5":0,"6":0,"7":0,"8":0,"9":0,"10":0,"11":0,"12":0,"13":0,"14":0,"15":0,"16":0,"17":0,"18":0,"19":0,"20":0,"21":0,"22":0,"23":0,"24":0,"25":1,"26":1},"f":{"0":1,"1":0,"2":0,"3":0,"4":0,"5":0,"6":1},"b":{"0":[0,1],"1":[0,0],"2":[0,0]},"_coverageSchema":"332fd63041d2c1bcb487cc26dd0d5f7d97098a6c","hash":"96e29354a9fbcfe6b7df93595c0d4fbf81c270f2"}
,"C:\\code\\taxi-driver-knowledge-test\\src\\components\\ScrollToTop\\index.js": {"path":"C:\\code\\taxi-driver-knowledge-test\\src\\components\\ScrollToTop\\index.js","statementMap":{"0":{"start":{"line":7,"column":2},"end":{"line":9,"column":3}},"1":{"start":{"line":8,"column":3},"end":{"line":8,"column":24}},"2":{"start":{"line":13,"column":2},"end":{"line":13,"column":28}},"3":{"start":{"line":17,"column":0},"end":{"line":20,"column":1}}},"fnMap":{"0":{"name":"(anonymous_0)","decl":{"start":{"line":6,"column":1},"end":{"line":6,"column":2}},"loc":{"start":{"line":6,"column":31},"end":{"line":10,"column":2}},"line":6},"1":{"name":"(anonymous_1)","decl":{"start":{"line":12,"column":1},"end":{"line":12,"column":2}},"loc":{"start":{"line":12,"column":10},"end":{"line":14,"column":2}},"line":12}},"branchMap":{"0":{"loc":{"start":{"line":7,"column":2},"end":{"line":9,"column":3}},"type":"if","locations":[{"start":{"line":7,"column":2},"end":{"line":9,"column":3}},{"start":{"line":7,"column":2},"end":{"line":9,"column":3}}],"line":7}},"s":{"0":2,"1":1,"2":2,"3":1},"f":{"0":2,"1":2},"b":{"0":[1,1]},"_coverageSchema":"332fd63041d2c1bcb487cc26dd0d5f7d97098a6c","hash":"def3286e4cb347c310724716bfac53e333cce749"}
,"C:\\code\\taxi-driver-knowledge-test\\src\\components\\Utils\\index.js": {"path":"C:\\code\\taxi-driver-knowledge-test\\src\\components\\Utils\\index.js","statementMap":{"0":{"start":{"line":4,"column":29},"end":{"line":4,"column":31}},"1":{"start":{"line":6,"column":4},"end":{"line":10,"column":6}},"2":{"start":{"line":7,"column":8},"end":{"line":9,"column":9}},"3":{"start":{"line":8,"column":12},"end":{"line":8,"column":54}},"4":{"start":{"line":12,"column":24},"end":{"line":19,"column":6}},"5":{"start":{"line":21,"column":4},"end":{"line":21,"column":22}}},"fnMap":{"0":{"name":"submitForm","decl":{"start":{"line":3,"column":15},"end":{"line":3,"column":25}},"loc":{"start":{"line":3,"column":35},"end":{"line":22,"column":1}},"line":3},"1":{"name":"(anonymous_1)","decl":{"start":{"line":6,"column":29},"end":{"line":6,"column":30}},"loc":{"start":{"line":6,"column":36},"end":{"line":10,"column":5}},"line":6}},"branchMap":{"0":{"loc":{"start":{"line":7,"column":8},"end":{"line":9,"column":9}},"type":"if","locations":[{"start":{"line":7,"column":8},"end":{"line":9,"column":9}},{"start":{"line":7,"column":8},"end":{"line":9,"column":9}}],"line":7},"1":{"loc":{"start":{"line":7,"column":12},"end":{"line":7,"column":74}},"type":"binary-expr","locations":[{"start":{"line":7,"column":12},"end":{"line":7,"column":38}},{"start":{"line":7,"column":42},"end":{"line":7,"column":74}}],"line":7}},"s":{"0":1,"1":1,"2":0,"3":0,"4":1,"5":1},"f":{"0":1,"1":0},"b":{"0":[0,0],"1":[0,0]},"_coverageSchema":"332fd63041d2c1bcb487cc26dd0d5f7d97098a6c","hash":"70a33da86b37b9499d31b27cb3d6690989e03fe6"}
,"C:\\code\\taxi-driver-knowledge-test\\src\\components\\WithContext\\index.js": {"path":"C:\\code\\taxi-driver-knowledge-test\\src\\components\\WithContext\\index.js","statementMap":{"0":{"start":{"line":5,"column":20},"end":{"line":8,"column":23}},"1":{"start":{"line":5,"column":33},"end":{"line":8,"column":23}},"2":{"start":{"line":6,"column":4},"end":{"line":8,"column":23}},"3":{"start":{"line":7,"column":20},"end":{"line":7,"column":62}}},"fnMap":{"0":{"name":"(anonymous_0)","decl":{"start":{"line":5,"column":20},"end":{"line":5,"column":21}},"loc":{"start":{"line":5,"column":33},"end":{"line":8,"column":23}},"line":5},"1":{"name":"(anonymous_1)","decl":{"start":{"line":5,"column":33},"end":{"line":5,"column":34}},"loc":{"start":{"line":6,"column":4},"end":{"line":8,"column":23}},"line":6},"2":{"name":"(anonymous_2)","decl":{"start":{"line":7,"column":9},"end":{"line":7,"column":10}},"loc":{"start":{"line":7,"column":20},"end":{"line":7,"column":62}},"line":7}},"branchMap":{},"s":{"0":3,"1":3,"2":1,"3":1},"f":{"0":3,"1":1,"2":1},"b":{},"_coverageSchema":"332fd63041d2c1bcb487cc26dd0d5f7d97098a6c","hash":"657bad85b0f90e6550a0dd454e48e3537e234c9b"}
,"C:\\code\\taxi-driver-knowledge-test\\src\\helpers\\SetupTest\\index.js": {"path":"C:\\code\\taxi-driver-knowledge-test\\src\\helpers\\SetupTest\\index.js","statementMap":{"0":{"start":{"line":5,"column":0},"end":{"line":5,"column":44}}},"fnMap":{},"branchMap":{},"s":{"0":1},"f":{},"b":{},"_coverageSchema":"332fd63041d2c1bcb487cc26dd0d5f7d97098a6c","hash":"2fa1938aaabeb02cb365b862e1a1d512777a7f44"}
,"C:\\code\\taxi-driver-knowledge-test\\src\\helpers\\breadcrumbHelper\\index.js": {"path":"C:\\code\\taxi-driver-knowledge-test\\src\\helpers\\breadcrumbHelper\\index.js","statementMap":{"0":{"start":{"line":1,"column":24},"end":{"line":12,"column":1}},"1":{"start":{"line":2,"column":21},"end":{"line":2,"column":58}},"2":{"start":{"line":3,"column":4},"end":{"line":11,"column":5}},"3":{"start":{"line":5,"column":8},"end":{"line":10,"column":9}},"4":{"start":{"line":6,"column":12},"end":{"line":6,"column":49}},"5":{"start":{"line":9,"column":12},"end":{"line":9,"column":46}}},"fnMap":{"0":{"name":"(anonymous_0)","decl":{"start":{"line":1,"column":24},"end":{"line":1,"column":25}},"loc":{"start":{"line":1,"column":33},"end":{"line":12,"column":1}},"line":1}},"branchMap":{"0":{"loc":{"start":{"line":3,"column":4},"end":{"line":11,"column":5}},"type":"if","locations":[{"start":{"line":3,"column":4},"end":{"line":11,"column":5}},{"start":{"line":3,"column":4},"end":{"line":11,"column":5}}],"line":3},"1":{"loc":{"start":{"line":5,"column":8},"end":{"line":10,"column":9}},"type":"if","locations":[{"start":{"line":5,"column":8},"end":{"line":10,"column":9}},{"start":{"line":5,"column":8},"end":{"line":10,"column":9}}],"line":5}},"s":{"0":1,"1":2,"2":2,"3":2,"4":1,"5":1},"f":{"0":2},"b":{"0":[2,0],"1":[1,1]},"_coverageSchema":"332fd63041d2c1bcb487cc26dd0d5f7d97098a6c","hash":"74bd199097372bf3d5489d843b6cc105df6c2b78"}
,"C:\\code\\taxi-driver-knowledge-test\\src\\helpers\\pagehelper\\index.js": {"path":"C:\\code\\taxi-driver-knowledge-test\\src\\helpers\\pagehelper\\index.js","statementMap":{"0":{"start":{"line":3,"column":28},"end":{"line":7,"column":1}},"1":{"start":{"line":4,"column":15},"end":{"line":4,"column":70}},"2":{"start":{"line":4,"column":40},"end":{"line":4,"column":66}},"3":{"start":{"line":6,"column":4},"end":{"line":6,"column":21}}},"fnMap":{"0":{"name":"(anonymous_0)","decl":{"start":{"line":3,"column":28},"end":{"line":3,"column":29}},"loc":{"start":{"line":3,"column":44},"end":{"line":7,"column":1}},"line":3},"1":{"name":"(anonymous_1)","decl":{"start":{"line":4,"column":32},"end":{"line":4,"column":33}},"loc":{"start":{"line":4,"column":40},"end":{"line":4,"column":66}},"line":4}},"branchMap":{},"s":{"0":3,"1":4,"2":21,"3":4},"f":{"0":4,"1":21},"b":{},"_coverageSchema":"332fd63041d2c1bcb487cc26dd0d5f7d97098a6c","hash":"7ffaa5ad2e49a336dc61aa74a77b84512c93fad3"}
}
