{"C:\\code\\taxi-driver-knowledge-test\\src\\components\\App\\index.js": {"path":"C:\\code\\taxi-driver-knowledge-test\\src\\components\\App\\index.js","statementMap":{"0":{"start":{"line":11,"column":8},"end":{"line":18,"column":9}}},"fnMap":{"0":{"name":"(anonymous_0)","decl":{"start":{"line":10,"column":4},"end":{"line":10,"column":5}},"loc":{"start":{"line":10,"column":13},"end":{"line":19,"column":5}},"line":10}},"branchMap":{},"s":{"0":1},"f":{"0":1},"b":{},"_coverageSchema":"332fd63041d2c1bcb487cc26dd0d5f7d97098a6c","hash":"bdc30d14bdf0ce9367da2d2474e22a4aebd4fae8"}
,"C:\\code\\taxi-driver-knowledge-test\\src\\components\\Pages\\1-TypeOfTest\\index.js": {"path":"C:\\code\\taxi-driver-knowledge-test\\src\\components\\Pages\\1-TypeOfTest\\index.js","statementMap":{"0":{"start":{"line":7,"column":26},"end":{"line":54,"column":1}},"1":{"start":{"line":8,"column":30},"end":{"line":8,"column":35}},"2":{"start":{"line":10,"column":18},"end":{"line":13,"column":2}},"3":{"start":{"line":11,"column":2},"end":{"line":11,"column":24}},"4":{"start":{"line":12,"column":2},"end":{"line":12,"column":31}},"5":{"start":{"line":15,"column":1},"end":{"line":53,"column":2}},"6":{"start":{"line":56,"column":0},"end":{"line":59,"column":1}}},"fnMap":{"0":{"name":"(anonymous_0)","decl":{"start":{"line":7,"column":26},"end":{"line":7,"column":27}},"loc":{"start":{"line":7,"column":35},"end":{"line":54,"column":1}},"line":7},"1":{"name":"(anonymous_1)","decl":{"start":{"line":10,"column":18},"end":{"line":10,"column":19}},"loc":{"start":{"line":10,"column":29},"end":{"line":13,"column":2}},"line":10}},"branchMap":{},"s":{"0":2,"1":2,"2":2,"3":1,"4":1,"5":2,"6":2},"f":{"0":2,"1":1},"b":{},"_coverageSchema":"332fd63041d2c1bcb487cc26dd0d5f7d97098a6c","hash":"6991c29f728d8d6634a78c077b4c19cc9faa2df9"}
,"C:\\code\\taxi-driver-knowledge-test\\src\\components\\Pages\\2-Resit\\index.js": {"path":"C:\\code\\taxi-driver-knowledge-test\\src\\components\\Pages\\2-Resit\\index.js","statementMap":{"0":{"start":{"line":7,"column":21},"end":{"line":65,"column":1}},"1":{"start":{"line":8,"column":30},"end":{"line":8,"column":35}},"2":{"start":{"line":10,"column":17},"end":{"line":38,"column":5}},"3":{"start":{"line":23,"column":16},"end":{"line":34,"column":18}},"4":{"start":{"line":40,"column":18},"end":{"line":47,"column":2}},"5":{"start":{"line":41,"column":2},"end":{"line":44,"column":3}},"6":{"start":{"line":42,"column":3},"end":{"line":42,"column":38}},"7":{"start":{"line":43,"column":3},"end":{"line":43,"column":43}},"8":{"start":{"line":45,"column":2},"end":{"line":45,"column":24}},"9":{"start":{"line":46,"column":2},"end":{"line":46,"column":31}},"10":{"start":{"line":49,"column":1},"end":{"line":64,"column":2}},"11":{"start":{"line":67,"column":0},"end":{"line":70,"column":1}}},"fnMap":{"0":{"name":"(anonymous_0)","decl":{"start":{"line":7,"column":21},"end":{"line":7,"column":22}},"loc":{"start":{"line":7,"column":30},"end":{"line":65,"column":1}},"line":7},"1":{"name":"(anonymous_1)","decl":{"start":{"line":22,"column":20},"end":{"line":22,"column":21}},"loc":{"start":{"line":23,"column":16},"end":{"line":34,"column":18}},"line":23},"2":{"name":"(anonymous_2)","decl":{"start":{"line":40,"column":18},"end":{"line":40,"column":19}},"loc":{"start":{"line":40,"column":29},"end":{"line":47,"column":2}},"line":40}},"branchMap":{"0":{"loc":{"start":{"line":23,"column":16},"end":{"line":34,"column":18}},"type":"binary-expr","locations":[{"start":{"line":23,"column":16},"end":{"line":23,"column":48}},{"start":{"line":24,"column":16},"end":{"line":34,"column":18}}],"line":23},"1":{"loc":{"start":{"line":41,"column":2},"end":{"line":44,"column":3}},"type":"if","locations":[{"start":{"line":41,"column":2},"end":{"line":44,"column":3}},{"start":{"line":41,"column":2},"end":{"line":44,"column":3}}],"line":41},"2":{"loc":{"start":{"line":60,"column":39},"end":{"line":60,"column":144}},"type":"binary-expr","locations":[{"start":{"line":60,"column":39},"end":{"line":60,"column":71}},{"start":{"line":60,"column":76},"end":{"line":60,"column":107}},{"start":{"line":60,"column":111},"end":{"line":60,"column":143}}],"line":60}},"s":{"0":2,"1":3,"2":3,"3":2,"4":3,"5":2,"6":1,"7":1,"8":2,"9":2,"10":3,"11":2},"f":{"0":3,"1":2,"2":2},"b":{"0":[2,2],"1":[1,1],"2":[3,2,2]},"_coverageSchema":"332fd63041d2c1bcb487cc26dd0d5f7d97098a6c","hash":"d98b223bb4da7db4ace7b9dbc71a0c35bc382ffc"}
,"C:\\code\\taxi-driver-knowledge-test\\src\\components\\Pages\\3-AboutYourself\\index.js": {"path":"C:\\code\\taxi-driver-knowledge-test\\src\\components\\Pages\\3-AboutYourself\\index.js","statementMap":{"0":{"start":{"line":7,"column":29},"end":{"line":71,"column":1}},"1":{"start":{"line":8,"column":32},"end":{"line":8,"column":37}},"2":{"start":{"line":10,"column":21},"end":{"line":13,"column":5}},"3":{"start":{"line":11,"column":8},"end":{"line":11,"column":30}},"4":{"start":{"line":12,"column":8},"end":{"line":12,"column":37}},"5":{"start":{"line":15,"column":4},"end":{"line":70,"column":5}},"6":{"start":{"line":73,"column":0},"end":{"line":76,"column":1}}},"fnMap":{"0":{"name":"(anonymous_0)","decl":{"start":{"line":7,"column":29},"end":{"line":7,"column":30}},"loc":{"start":{"line":7,"column":38},"end":{"line":71,"column":1}},"line":7},"1":{"name":"(anonymous_1)","decl":{"start":{"line":10,"column":21},"end":{"line":10,"column":22}},"loc":{"start":{"line":10,"column":32},"end":{"line":13,"column":5}},"line":10}},"branchMap":{"0":{"loc":{"start":{"line":64,"column":30},"end":{"line":64,"column":116}},"type":"binary-expr","locations":[{"start":{"line":64,"column":30},"end":{"line":64,"column":53}},{"start":{"line":64,"column":57},"end":{"line":64,"column":84}},{"start":{"line":64,"column":88},"end":{"line":64,"column":116}}],"line":64}},"s":{"0":1,"1":2,"2":2,"3":1,"4":1,"5":2,"6":1},"f":{"0":2,"1":1},"b":{"0":[2,2,2]},"_coverageSchema":"332fd63041d2c1bcb487cc26dd0d5f7d97098a6c","hash":"55c8722f1dd031a9bc6503891e851a963e6b04ab"}
,"C:\\code\\taxi-driver-knowledge-test\\src\\components\\Provider\\index.js": {"path":"C:\\code\\taxi-driver-knowledge-test\\src\\components\\Provider\\index.js","statementMap":{"0":{"start":{"line":8,"column":2},"end":{"line":8,"column":14}},"1":{"start":{"line":9,"column":2},"end":{"line":46,"column":3}},"2":{"start":{"line":50,"column":22},"end":{"line":50,"column":51}},"3":{"start":{"line":51,"column":2},"end":{"line":51,"column":59}},"4":{"start":{"line":52,"column":2},"end":{"line":52,"column":50}},"5":{"start":{"line":54,"column":2},"end":{"line":54,"column":28}},"6":{"start":{"line":58,"column":2},"end":{"line":62,"column":3}},"7":{"start":{"line":59,"column":3},"end":{"line":59,"column":14}},"8":{"start":{"line":61,"column":3},"end":{"line":61,"column":15}},"9":{"start":{"line":66,"column":22},"end":{"line":66,"column":51}},"10":{"start":{"line":67,"column":2},"end":{"line":67,"column":46}},"11":{"start":{"line":69,"column":2},"end":{"line":69,"column":28}},"12":{"start":{"line":73,"column":2},"end":{"line":73,"column":88}},"13":{"start":{"line":77,"column":0},"end":{"line":82,"column":1}}},"fnMap":{"0":{"name":"(anonymous_0)","decl":{"start":{"line":7,"column":1},"end":{"line":7,"column":2}},"loc":{"start":{"line":7,"column":19},"end":{"line":47,"column":2}},"line":7},"1":{"name":"(anonymous_1)","decl":{"start":{"line":49,"column":12},"end":{"line":49,"column":13}},"loc":{"start":{"line":49,"column":32},"end":{"line":55,"column":2}},"line":49},"2":{"name":"(anonymous_2)","decl":{"start":{"line":57,"column":18},"end":{"line":57,"column":19}},"loc":{"start":{"line":57,"column":28},"end":{"line":63,"column":2}},"line":57},"3":{"name":"(anonymous_3)","decl":{"start":{"line":65,"column":20},"end":{"line":65,"column":21}},"loc":{"start":{"line":65,"column":26},"end":{"line":70,"column":2}},"line":65},"4":{"name":"(anonymous_4)","decl":{"start":{"line":72,"column":1},"end":{"line":72,"column":2}},"loc":{"start":{"line":72,"column":9},"end":{"line":74,"column":2}},"line":72}},"branchMap":{"0":{"loc":{"start":{"line":43,"column":21},"end":{"line":43,"column":162}},"type":"cond-expr","locations":[{"start":{"line":43,"column":75},"end":{"line":43,"column":154}},{"start":{"line":43,"column":157},"end":{"line":43,"column":162}}],"line":43},"1":{"loc":{"start":{"line":43,"column":75},"end":{"line":43,"column":154}},"type":"cond-expr","locations":[{"start":{"line":43,"column":142},"end":{"line":43,"column":146}},{"start":{"line":43,"column":149},"end":{"line":43,"column":154}}],"line":43},"2":{"loc":{"start":{"line":58,"column":2},"end":{"line":62,"column":3}},"type":"if","locations":[{"start":{"line":58,"column":2},"end":{"line":62,"column":3}},{"start":{"line":58,"column":2},"end":{"line":62,"column":3}}],"line":58}},"s":{"0":8,"1":8,"2":1,"3":1,"4":1,"5":1,"6":2,"7":1,"8":1,"9":1,"10":1,"11":1,"12":10,"13":1},"f":{"0":8,"1":1,"2":2,"3":1,"4":10},"b":{"0":[6,2],"1":[1,5],"2":[1,1]},"_coverageSchema":"332fd63041d2c1bcb487cc26dd0d5f7d97098a6c","hash":"75206920868be8e81167a8835a7be6bef3597ce1"}
,"C:\\code\\taxi-driver-knowledge-test\\src\\components\\ScrollToTop\\index.js": {"path":"C:\\code\\taxi-driver-knowledge-test\\src\\components\\ScrollToTop\\index.js","statementMap":{"0":{"start":{"line":7,"column":2},"end":{"line":9,"column":3}},"1":{"start":{"line":8,"column":3},"end":{"line":8,"column":24}},"2":{"start":{"line":13,"column":2},"end":{"line":13,"column":28}},"3":{"start":{"line":17,"column":0},"end":{"line":20,"column":1}}},"fnMap":{"0":{"name":"(anonymous_0)","decl":{"start":{"line":6,"column":1},"end":{"line":6,"column":2}},"loc":{"start":{"line":6,"column":31},"end":{"line":10,"column":2}},"line":6},"1":{"name":"(anonymous_1)","decl":{"start":{"line":12,"column":1},"end":{"line":12,"column":2}},"loc":{"start":{"line":12,"column":10},"end":{"line":14,"column":2}},"line":12}},"branchMap":{"0":{"loc":{"start":{"line":7,"column":2},"end":{"line":9,"column":3}},"type":"if","locations":[{"start":{"line":7,"column":2},"end":{"line":9,"column":3}},{"start":{"line":7,"column":2},"end":{"line":9,"column":3}}],"line":7}},"s":{"0":2,"1":1,"2":2,"3":1},"f":{"0":2,"1":2},"b":{"0":[1,1]},"_coverageSchema":"332fd63041d2c1bcb487cc26dd0d5f7d97098a6c","hash":"def3286e4cb347c310724716bfac53e333cce749"}
,"C:\\code\\taxi-driver-knowledge-test\\src\\components\\WithContext\\index.js": {"path":"C:\\code\\taxi-driver-knowledge-test\\src\\components\\WithContext\\index.js","statementMap":{"0":{"start":{"line":5,"column":20},"end":{"line":8,"column":23}},"1":{"start":{"line":5,"column":33},"end":{"line":8,"column":23}},"2":{"start":{"line":6,"column":4},"end":{"line":8,"column":23}},"3":{"start":{"line":7,"column":20},"end":{"line":7,"column":62}}},"fnMap":{"0":{"name":"(anonymous_0)","decl":{"start":{"line":5,"column":20},"end":{"line":5,"column":21}},"loc":{"start":{"line":5,"column":33},"end":{"line":8,"column":23}},"line":5},"1":{"name":"(anonymous_1)","decl":{"start":{"line":5,"column":33},"end":{"line":5,"column":34}},"loc":{"start":{"line":6,"column":4},"end":{"line":8,"column":23}},"line":6},"2":{"name":"(anonymous_2)","decl":{"start":{"line":7,"column":9},"end":{"line":7,"column":10}},"loc":{"start":{"line":7,"column":20},"end":{"line":7,"column":62}},"line":7}},"branchMap":{},"s":{"0":5,"1":6,"2":1,"3":1},"f":{"0":6,"1":1,"2":1},"b":{},"_coverageSchema":"332fd63041d2c1bcb487cc26dd0d5f7d97098a6c","hash":"657bad85b0f90e6550a0dd454e48e3537e234c9b"}
,"C:\\code\\taxi-driver-knowledge-test\\src\\helpers\\SetupTest\\index.js": {"path":"C:\\code\\taxi-driver-knowledge-test\\src\\helpers\\SetupTest\\index.js","statementMap":{"0":{"start":{"line":5,"column":0},"end":{"line":5,"column":44}}},"fnMap":{},"branchMap":{},"s":{"0":3},"f":{},"b":{},"_coverageSchema":"332fd63041d2c1bcb487cc26dd0d5f7d97098a6c","hash":"2fa1938aaabeb02cb365b862e1a1d512777a7f44"}
,"C:\\code\\taxi-driver-knowledge-test\\src\\helpers\\breadcrumbHelper\\index.js": {"path":"C:\\code\\taxi-driver-knowledge-test\\src\\helpers\\breadcrumbHelper\\index.js","statementMap":{"0":{"start":{"line":1,"column":24},"end":{"line":12,"column":1}},"1":{"start":{"line":2,"column":21},"end":{"line":2,"column":58}},"2":{"start":{"line":3,"column":4},"end":{"line":11,"column":5}},"3":{"start":{"line":5,"column":8},"end":{"line":10,"column":9}},"4":{"start":{"line":6,"column":12},"end":{"line":6,"column":49}},"5":{"start":{"line":9,"column":12},"end":{"line":9,"column":46}}},"fnMap":{"0":{"name":"(anonymous_0)","decl":{"start":{"line":1,"column":24},"end":{"line":1,"column":25}},"loc":{"start":{"line":1,"column":33},"end":{"line":12,"column":1}},"line":1}},"branchMap":{"0":{"loc":{"start":{"line":3,"column":4},"end":{"line":11,"column":5}},"type":"if","locations":[{"start":{"line":3,"column":4},"end":{"line":11,"column":5}},{"start":{"line":3,"column":4},"end":{"line":11,"column":5}}],"line":3},"1":{"loc":{"start":{"line":5,"column":8},"end":{"line":10,"column":9}},"type":"if","locations":[{"start":{"line":5,"column":8},"end":{"line":10,"column":9}},{"start":{"line":5,"column":8},"end":{"line":10,"column":9}}],"line":5}},"s":{"0":1,"1":2,"2":2,"3":2,"4":1,"5":1},"f":{"0":2},"b":{"0":[2,0],"1":[1,1]},"_coverageSchema":"332fd63041d2c1bcb487cc26dd0d5f7d97098a6c","hash":"74bd199097372bf3d5489d843b6cc105df6c2b78"}
,"C:\\code\\taxi-driver-knowledge-test\\src\\helpers\\pagehelper\\index.js": {"path":"C:\\code\\taxi-driver-knowledge-test\\src\\helpers\\pagehelper\\index.js","statementMap":{"0":{"start":{"line":3,"column":28},"end":{"line":7,"column":1}},"1":{"start":{"line":4,"column":15},"end":{"line":4,"column":70}},"2":{"start":{"line":4,"column":40},"end":{"line":4,"column":66}},"3":{"start":{"line":6,"column":4},"end":{"line":6,"column":21}}},"fnMap":{"0":{"name":"(anonymous_0)","decl":{"start":{"line":3,"column":28},"end":{"line":3,"column":29}},"loc":{"start":{"line":3,"column":44},"end":{"line":7,"column":1}},"line":3},"1":{"name":"(anonymous_1)","decl":{"start":{"line":4,"column":32},"end":{"line":4,"column":33}},"loc":{"start":{"line":4,"column":40},"end":{"line":4,"column":66}},"line":4}},"branchMap":{},"s":{"0":5,"1":11,"2":63,"3":11},"f":{"0":11,"1":63},"b":{},"_coverageSchema":"332fd63041d2c1bcb487cc26dd0d5f7d97098a6c","hash":"7ffaa5ad2e49a336dc61aa74a77b84512c93fad3"}
}
