TN:
SF:C:\code\taxi-driver-knowledge-test\src\components\App\index.js
FN:8,(anonymous_0)
FNF:1
FNH:1
FNDA:1,(anonymous_0)
DA:9,1
LF:1
LH:1
BRF:0
BRH:0
end_of_record
TN:
SF:C:\code\taxi-driver-knowledge-test\src\components\Pages\1-TypeOfTest\index.js
FN:7,(anonymous_0)
FN:10,(anonymous_1)
FNF:2
FNH:2
FNDA:2,(anonymous_0)
FNDA:1,(anonymous_1)
DA:7,2
DA:8,2
DA:10,2
DA:11,1
DA:12,1
DA:15,2
DA:56,2
LF:7
LH:7
BRF:0
BRH:0
end_of_record
TN:
SF:C:\code\taxi-driver-knowledge-test\src\components\Provider\index.js
FN:7,(anonymous_0)
FN:24,(anonymous_1)
FN:32,(anonymous_2)
FN:40,(anonymous_3)
FN:48,(anonymous_4)
FN:63,(anonymous_5)
FN:70,(anonymous_6)
FNF:7
FNH:2
FNDA:1,(anonymous_0)
FNDA:0,(anonymous_1)
FNDA:0,(anonymous_2)
FNDA:0,(anonymous_3)
FNDA:0,(anonymous_4)
FNDA:0,(anonymous_5)
FNDA:1,(anonymous_6)
DA:8,1
DA:9,1
DA:25,0
DA:26,0
DA:27,0
DA:29,0
DA:33,0
DA:34,0
DA:35,0
DA:37,0
DA:41,0
DA:42,0
DA:43,0
DA:45,0
DA:49,0
DA:50,0
DA:51,0
DA:53,0
DA:54,0
DA:56,0
DA:57,0
DA:60,0
DA:64,0
DA:65,0
DA:67,0
DA:71,1
DA:75,1
LF:27
LH:4
BRDA:15,0,0,0
BRDA:15,0,1,1
BRDA:15,1,0,0
BRDA:15,1,1,0
BRDA:56,2,0,0
BRDA:56,2,1,0
BRF:6
BRH:1
end_of_record
TN:
SF:C:\code\taxi-driver-knowledge-test\src\components\ScrollToTop\index.js
FN:6,(anonymous_0)
FN:12,(anonymous_1)
FNF:2
FNH:2
FNDA:2,(anonymous_0)
FNDA:2,(anonymous_1)
DA:7,2
DA:8,1
DA:13,2
DA:17,1
LF:4
LH:4
BRDA:7,0,0,1
BRDA:7,0,1,1
BRF:2
BRH:2
end_of_record
TN:
SF:C:\code\taxi-driver-knowledge-test\src\components\Utils\index.js
FN:3,submitForm
FN:6,(anonymous_1)
FNF:2
FNH:1
FNDA:1,submitForm
FNDA:0,(anonymous_1)
DA:4,1
DA:6,1
DA:7,0
DA:8,0
DA:12,1
DA:21,1
LF:6
LH:4
BRDA:7,0,0,0
BRDA:7,0,1,0
BRDA:7,1,0,0
BRDA:7,1,1,0
BRF:4
BRH:0
end_of_record
TN:
SF:C:\code\taxi-driver-knowledge-test\src\components\WithContext\index.js
FN:5,(anonymous_0)
FN:5,(anonymous_1)
FN:7,(anonymous_2)
FNF:3
FNH:3
FNDA:3,(anonymous_0)
FNDA:1,(anonymous_1)
FNDA:1,(anonymous_2)
DA:5,3
DA:6,1
DA:7,1
LF:3
LH:3
BRF:0
BRH:0
end_of_record
TN:
SF:C:\code\taxi-driver-knowledge-test\src\helpers\SetupTest\index.js
FNF:0
FNH:0
DA:5,1
LF:1
LH:1
BRF:0
BRH:0
end_of_record
TN:
SF:C:\code\taxi-driver-knowledge-test\src\helpers\breadcrumbHelper\index.js
FN:1,(anonymous_0)
FNF:1
FNH:1
FNDA:2,(anonymous_0)
DA:1,1
DA:2,2
DA:3,2
DA:5,2
DA:6,1
DA:9,1
LF:6
LH:6
BRDA:3,0,0,2
BRDA:3,0,1,0
BRDA:5,1,0,1
BRDA:5,1,1,1
BRF:4
BRH:3
end_of_record
TN:
SF:C:\code\taxi-driver-knowledge-test\src\helpers\pagehelper\index.js
FN:3,(anonymous_0)
FN:4,(anonymous_1)
FNF:2
FNH:2
FNDA:4,(anonymous_0)
FNDA:21,(anonymous_1)
DA:3,3
DA:4,21
DA:6,4
LF:3
LH:3
BRF:0
BRH:0
end_of_record
