TN:
SF:C:\code\taxi-driver-knowledge-test\src\components\App\index.js
FN:10,(anonymous_0)
FNF:1
FNH:1
FNDA:1,(anonymous_0)
DA:11,1
LF:1
LH:1
BRF:0
BRH:0
end_of_record
TN:
SF:C:\code\taxi-driver-knowledge-test\src\components\Pages\1-TypeOfTest\index.js
FN:7,(anonymous_0)
FN:10,(anonymous_1)
FNF:2
FNH:2
FNDA:2,(anonymous_0)
FNDA:1,(anonymous_1)
DA:7,2
DA:8,2
DA:10,2
DA:11,1
DA:12,1
DA:15,2
DA:56,2
LF:7
LH:7
BRF:0
BRH:0
end_of_record
TN:
SF:C:\code\taxi-driver-knowledge-test\src\components\Pages\2-Resit\index.js
FN:7,(anonymous_0)
FN:22,(anonymous_1)
FN:40,(anonymous_2)
FNF:3
FNH:3
FNDA:3,(anonymous_0)
FNDA:2,(anonymous_1)
FNDA:2,(anonymous_2)
DA:7,2
DA:8,3
DA:10,3
DA:23,2
DA:40,3
DA:41,2
DA:42,1
DA:43,1
DA:45,2
DA:46,2
DA:49,3
DA:67,2
LF:12
LH:12
BRDA:23,0,0,2
BRDA:23,0,1,2
BRDA:41,1,0,1
BRDA:41,1,1,1
BRDA:60,2,0,3
BRDA:60,2,1,2
BRDA:60,2,2,2
BRF:7
BRH:7
end_of_record
TN:
SF:C:\code\taxi-driver-knowledge-test\src\components\Provider\index.js
FN:7,(anonymous_0)
FN:49,(anonymous_1)
FN:57,(anonymous_2)
FN:65,(anonymous_3)
FN:72,(anonymous_4)
FNF:5
FNH:5
FNDA:8,(anonymous_0)
FNDA:1,(anonymous_1)
FNDA:2,(anonymous_2)
FNDA:1,(anonymous_3)
FNDA:10,(anonymous_4)
DA:8,8
DA:9,8
DA:50,1
DA:51,1
DA:52,1
DA:54,1
DA:58,2
DA:59,1
DA:61,1
DA:66,1
DA:67,1
DA:69,1
DA:73,10
DA:77,1
LF:14
LH:14
BRDA:43,0,0,6
BRDA:43,0,1,2
BRDA:43,1,0,1
BRDA:43,1,1,5
BRDA:58,2,0,1
BRDA:58,2,1,1
BRF:6
BRH:6
end_of_record
TN:
SF:C:\code\taxi-driver-knowledge-test\src\components\ScrollToTop\index.js
FN:6,(anonymous_0)
FN:12,(anonymous_1)
FNF:2
FNH:2
FNDA:2,(anonymous_0)
FNDA:2,(anonymous_1)
DA:7,2
DA:8,1
DA:13,2
DA:17,1
LF:4
LH:4
BRDA:7,0,0,1
BRDA:7,0,1,1
BRF:2
BRH:2
end_of_record
TN:
SF:C:\code\taxi-driver-knowledge-test\src\components\WithContext\index.js
FN:5,(anonymous_0)
FN:5,(anonymous_1)
FN:7,(anonymous_2)
FNF:3
FNH:3
FNDA:5,(anonymous_0)
FNDA:1,(anonymous_1)
FNDA:1,(anonymous_2)
DA:5,5
DA:6,1
DA:7,1
LF:3
LH:3
BRF:0
BRH:0
end_of_record
TN:
SF:C:\code\taxi-driver-knowledge-test\src\helpers\SetupTest\index.js
FNF:0
FNH:0
DA:5,2
LF:1
LH:1
BRF:0
BRH:0
end_of_record
TN:
SF:C:\code\taxi-driver-knowledge-test\src\helpers\breadcrumbHelper\index.js
FN:1,(anonymous_0)
FNF:1
FNH:1
FNDA:2,(anonymous_0)
DA:1,1
DA:2,2
DA:3,2
DA:5,2
DA:6,1
DA:9,1
LF:6
LH:6
BRDA:3,0,0,2
BRDA:3,0,1,0
BRDA:5,1,0,1
BRDA:5,1,1,1
BRF:4
BRH:3
end_of_record
TN:
SF:C:\code\taxi-driver-knowledge-test\src\helpers\pagehelper\index.js
FN:3,(anonymous_0)
FN:4,(anonymous_1)
FNF:2
FNH:2
FNDA:9,(anonymous_0)
FNDA:51,(anonymous_1)
DA:3,4
DA:4,51
DA:6,9
LF:3
LH:3
BRF:0
BRH:0
end_of_record
